{"/Users/vanessaconoza/prsnl/2020/pakete/models/Author.js": {"path":"/Users/vanessaconoza/prsnl/2020/pakete/models/Author.js","statementMap":{"0":{"start":{"line":15,"column":4},"end":{"line":15,"column":18}},"1":{"start":{"line":25,"column":4},"end":{"line":32,"column":5}},"2":{"start":{"line":26,"column":23},"end":{"line":26,"column":72}},"3":{"start":{"line":27,"column":21},"end":{"line":27,"column":71}},"4":{"start":{"line":28,"column":6},"end":{"line":28,"column":35}},"5":{"start":{"line":30,"column":6},"end":{"line":30,"column":40}},"6":{"start":{"line":31,"column":6},"end":{"line":31,"column":42}},"7":{"start":{"line":41,"column":4},"end":{"line":47,"column":5}},"8":{"start":{"line":42,"column":21},"end":{"line":42,"column":62}},"9":{"start":{"line":43,"column":6},"end":{"line":43,"column":35}},"10":{"start":{"line":45,"column":6},"end":{"line":45,"column":40}},"11":{"start":{"line":46,"column":6},"end":{"line":46,"column":42}},"12":{"start":{"line":55,"column":4},"end":{"line":61,"column":5}},"13":{"start":{"line":56,"column":22},"end":{"line":56,"column":62}},"14":{"start":{"line":57,"column":6},"end":{"line":57,"column":42}},"15":{"start":{"line":57,"column":31},"end":{"line":57,"column":39}},"16":{"start":{"line":59,"column":6},"end":{"line":59,"column":40}},"17":{"start":{"line":60,"column":6},"end":{"line":60,"column":42}},"18":{"start":{"line":65,"column":0},"end":{"line":65,"column":24}}},"fnMap":{"0":{"name":"(anonymous_0)","decl":{"start":{"line":14,"column":2},"end":{"line":14,"column":3}},"loc":{"start":{"line":14,"column":18},"end":{"line":16,"column":3}},"line":14},"1":{"name":"(anonymous_1)","decl":{"start":{"line":24,"column":2},"end":{"line":24,"column":3}},"loc":{"start":{"line":24,"column":34},"end":{"line":33,"column":3}},"line":24},"2":{"name":"(anonymous_2)","decl":{"start":{"line":40,"column":2},"end":{"line":40,"column":3}},"loc":{"start":{"line":40,"column":26},"end":{"line":48,"column":3}},"line":40},"3":{"name":"(anonymous_3)","decl":{"start":{"line":54,"column":2},"end":{"line":54,"column":3}},"loc":{"start":{"line":54,"column":24},"end":{"line":62,"column":3}},"line":54},"4":{"name":"(anonymous_4)","decl":{"start":{"line":57,"column":25},"end":{"line":57,"column":26}},"loc":{"start":{"line":57,"column":31},"end":{"line":57,"column":39}},"line":57}},"branchMap":{},"s":{"0":12,"1":5,"2":5,"3":4,"4":3,"5":2,"6":2,"7":3,"8":3,"9":2,"10":1,"11":1,"12":3,"13":3,"14":2,"15":4,"16":1,"17":1,"18":1},"f":{"0":12,"1":5,"2":3,"3":3,"4":4},"b":{},"_coverageSchema":"1a1c01bbd47fc00a2c39e90264f33305004495a9","hash":"9f111864437d0772db2b550c0a45458b1719ad62"}
,"/Users/vanessaconoza/prsnl/2020/pakete/models/Package.js": {"path":"/Users/vanessaconoza/prsnl/2020/pakete/models/Package.js","statementMap":{"0":{"start":{"line":15,"column":4},"end":{"line":15,"column":18}},"1":{"start":{"line":25,"column":4},"end":{"line":35,"column":5}},"2":{"start":{"line":26,"column":24},"end":{"line":29,"column":8}},"3":{"start":{"line":30,"column":18},"end":{"line":30,"column":70}},"4":{"start":{"line":31,"column":6},"end":{"line":31,"column":32}},"5":{"start":{"line":33,"column":6},"end":{"line":33,"column":40}},"6":{"start":{"line":34,"column":6},"end":{"line":34,"column":42}},"7":{"start":{"line":43,"column":4},"end":{"line":49,"column":5}},"8":{"start":{"line":44,"column":23},"end":{"line":44,"column":64}},"9":{"start":{"line":45,"column":6},"end":{"line":45,"column":47}},"10":{"start":{"line":45,"column":34},"end":{"line":45,"column":44}},"11":{"start":{"line":47,"column":6},"end":{"line":47,"column":40}},"12":{"start":{"line":48,"column":6},"end":{"line":48,"column":42}},"13":{"start":{"line":53,"column":0},"end":{"line":53,"column":25}}},"fnMap":{"0":{"name":"(anonymous_0)","decl":{"start":{"line":14,"column":2},"end":{"line":14,"column":3}},"loc":{"start":{"line":14,"column":18},"end":{"line":16,"column":3}},"line":14},"1":{"name":"(anonymous_1)","decl":{"start":{"line":24,"column":2},"end":{"line":24,"column":3}},"loc":{"start":{"line":24,"column":37},"end":{"line":36,"column":3}},"line":24},"2":{"name":"(anonymous_2)","decl":{"start":{"line":42,"column":2},"end":{"line":42,"column":3}},"loc":{"start":{"line":42,"column":25},"end":{"line":50,"column":3}},"line":42},"3":{"name":"(anonymous_3)","decl":{"start":{"line":45,"column":26},"end":{"line":45,"column":27}},"loc":{"start":{"line":45,"column":34},"end":{"line":45,"column":44}},"line":45}},"branchMap":{},"s":{"0":9,"1":5,"2":5,"3":4,"4":3,"5":2,"6":2,"7":3,"8":3,"9":2,"10":4,"11":1,"12":1,"13":1},"f":{"0":9,"1":5,"2":3,"3":4},"b":{},"_coverageSchema":"1a1c01bbd47fc00a2c39e90264f33305004495a9","hash":"f724941ab44771354d6d02a0fd8eda64f44a2146"}
,"/Users/vanessaconoza/prsnl/2020/pakete/models/PackageAuthor.js": {"path":"/Users/vanessaconoza/prsnl/2020/pakete/models/PackageAuthor.js","statementMap":{"0":{"start":{"line":15,"column":4},"end":{"line":15,"column":18}},"1":{"start":{"line":25,"column":4},"end":{"line":39,"column":5}},"2":{"start":{"line":26,"column":26},"end":{"line":30,"column":8}},"3":{"start":{"line":31,"column":24},"end":{"line":34,"column":7}},"4":{"start":{"line":35,"column":6},"end":{"line":35,"column":38}},"5":{"start":{"line":37,"column":6},"end":{"line":37,"column":40}},"6":{"start":{"line":38,"column":6},"end":{"line":38,"column":42}},"7":{"start":{"line":49,"column":4},"end":{"line":63,"column":5}},"8":{"start":{"line":50,"column":26},"end":{"line":54,"column":8}},"9":{"start":{"line":55,"column":24},"end":{"line":58,"column":7}},"10":{"start":{"line":59,"column":6},"end":{"line":59,"column":38}},"11":{"start":{"line":61,"column":6},"end":{"line":61,"column":40}},"12":{"start":{"line":62,"column":6},"end":{"line":62,"column":42}},"13":{"start":{"line":74,"column":4},"end":{"line":85,"column":5}},"14":{"start":{"line":75,"column":23},"end":{"line":79,"column":48}},"15":{"start":{"line":81,"column":6},"end":{"line":81,"column":47}},"16":{"start":{"line":81,"column":34},"end":{"line":81,"column":44}},"17":{"start":{"line":83,"column":6},"end":{"line":83,"column":40}},"18":{"start":{"line":84,"column":6},"end":{"line":84,"column":42}},"19":{"start":{"line":89,"column":0},"end":{"line":89,"column":31}}},"fnMap":{"0":{"name":"(anonymous_0)","decl":{"start":{"line":14,"column":2},"end":{"line":14,"column":3}},"loc":{"start":{"line":14,"column":18},"end":{"line":16,"column":3}},"line":14},"1":{"name":"(anonymous_1)","decl":{"start":{"line":24,"column":2},"end":{"line":24,"column":3}},"loc":{"start":{"line":24,"column":53},"end":{"line":40,"column":3}},"line":24},"2":{"name":"(anonymous_2)","decl":{"start":{"line":48,"column":2},"end":{"line":48,"column":3}},"loc":{"start":{"line":48,"column":57},"end":{"line":64,"column":3}},"line":48},"3":{"name":"(anonymous_3)","decl":{"start":{"line":73,"column":2},"end":{"line":73,"column":3}},"loc":{"start":{"line":73,"column":48},"end":{"line":86,"column":3}},"line":73},"4":{"name":"(anonymous_4)","decl":{"start":{"line":81,"column":26},"end":{"line":81,"column":27}},"loc":{"start":{"line":81,"column":34},"end":{"line":81,"column":44}},"line":81}},"branchMap":{},"s":{"0":17,"1":5,"2":5,"3":4,"4":3,"5":2,"6":2,"7":4,"8":4,"9":3,"10":2,"11":2,"12":2,"13":7,"14":7,"15":6,"16":10,"17":1,"18":1,"19":1},"f":{"0":17,"1":5,"2":4,"3":7,"4":10},"b":{},"_coverageSchema":"1a1c01bbd47fc00a2c39e90264f33305004495a9","hash":"b802e80047f7189a72b7739b0dea2f9caf9f6244"}
,"/Users/vanessaconoza/prsnl/2020/pakete/models/PackageInfo.js": {"path":"/Users/vanessaconoza/prsnl/2020/pakete/models/PackageInfo.js","statementMap":{"0":{"start":{"line":15,"column":4},"end":{"line":15,"column":18}},"1":{"start":{"line":29,"column":4},"end":{"line":49,"column":5}},"2":{"start":{"line":30,"column":28},"end":{"line":34,"column":8}},"3":{"start":{"line":36,"column":26},"end":{"line":39,"column":7}},"4":{"start":{"line":41,"column":6},"end":{"line":43,"column":55}},"5":{"start":{"line":45,"column":6},"end":{"line":45,"column":40}},"6":{"start":{"line":47,"column":6},"end":{"line":47,"column":40}},"7":{"start":{"line":48,"column":6},"end":{"line":48,"column":42}},"8":{"start":{"line":53,"column":0},"end":{"line":53,"column":29}}},"fnMap":{"0":{"name":"(anonymous_0)","decl":{"start":{"line":14,"column":2},"end":{"line":14,"column":3}},"loc":{"start":{"line":14,"column":18},"end":{"line":16,"column":3}},"line":14},"1":{"name":"(anonymous_1)","decl":{"start":{"line":28,"column":2},"end":{"line":28,"column":3}},"loc":{"start":{"line":28,"column":70},"end":{"line":50,"column":3}},"line":28}},"branchMap":{},"s":{"0":8,"1":7,"2":7,"3":6,"4":6,"5":5,"6":2,"7":2,"8":1},"f":{"0":8,"1":7},"b":{},"_coverageSchema":"1a1c01bbd47fc00a2c39e90264f33305004495a9","hash":"f770469778aa1346fdda313125989234ddbf4d2d"}
}
