TN:
SF:models/Author.js
FN:14,(anonymous_0)
FN:24,(anonymous_1)
FN:40,(anonymous_2)
FN:54,(anonymous_3)
FN:57,(anonymous_4)
FNF:5
FNH:5
FNDA:12,(anonymous_0)
FNDA:5,(anonymous_1)
FNDA:3,(anonymous_2)
FNDA:3,(anonymous_3)
FNDA:4,(anonymous_4)
DA:15,12
DA:25,5
DA:26,5
DA:27,4
DA:28,3
DA:30,2
DA:31,2
DA:41,3
DA:42,3
DA:43,2
DA:45,1
DA:46,1
DA:55,3
DA:56,3
DA:57,4
DA:59,1
DA:60,1
DA:65,1
LF:18
LH:18
BRF:0
BRH:0
end_of_record
TN:
SF:models/Package.js
FN:14,(anonymous_0)
FN:24,(anonymous_1)
FN:42,(anonymous_2)
FN:45,(anonymous_3)
FNF:4
FNH:4
FNDA:9,(anonymous_0)
FNDA:5,(anonymous_1)
FNDA:3,(anonymous_2)
FNDA:4,(anonymous_3)
DA:15,9
DA:25,5
DA:26,5
DA:30,4
DA:31,3
DA:33,2
DA:34,2
DA:43,3
DA:44,3
DA:45,4
DA:47,1
DA:48,1
DA:53,1
LF:13
LH:13
BRF:0
BRH:0
end_of_record
TN:
SF:models/PackageAuthor.js
FN:14,(anonymous_0)
FN:24,(anonymous_1)
FN:48,(anonymous_2)
FN:73,(anonymous_3)
FN:81,(anonymous_4)
FNF:5
FNH:5
FNDA:17,(anonymous_0)
FNDA:5,(anonymous_1)
FNDA:4,(anonymous_2)
FNDA:7,(anonymous_3)
FNDA:10,(anonymous_4)
DA:15,17
DA:25,5
DA:26,5
DA:31,4
DA:35,3
DA:37,2
DA:38,2
DA:49,4
DA:50,4
DA:55,3
DA:59,2
DA:61,2
DA:62,2
DA:74,7
DA:75,7
DA:81,10
DA:83,1
DA:84,1
DA:89,1
LF:19
LH:19
BRF:0
BRH:0
end_of_record
TN:
SF:models/PackageInfo.js
FN:14,(anonymous_0)
FN:28,(anonymous_1)
FNF:2
FNH:2
FNDA:8,(anonymous_0)
FNDA:7,(anonymous_1)
DA:15,8
DA:29,7
DA:30,7
DA:36,6
DA:41,6
DA:45,5
DA:47,2
DA:48,2
DA:53,1
LF:9
LH:9
BRF:0
BRH:0
end_of_record
